<?xml version="1.0" encoding="UTF-8"?>
<!-- Generated by org.testng.reporters.JUnitXMLReporter -->
<testsuite ignored="0" hostname="Riddhi.local" failures="0" tests="6" name="Default test" time="7.216" errors="0" timestamp="2023-10-06T17:26:21 GMT-04:00">
  <testcase classname="tests.TrelloList" name="createBoard" time="5.003"/>
  <testcase classname="tests.TrelloList" name="createList" time="0.384"/>
  <testcase classname="tests.TrelloList" name="getList" time="0.322"/>
  <testcase classname="tests.TrelloList" name="updateList" time="0.35"/>
  <testcase classname="tests.TrelloList" name="archivelist" time="0.382"/>
  <testcase classname="tests.TrelloList" name="moveToBoard" time="0.315"/>
</testsuite> <!-- Default test -->
